2024-08-14 23:13:31 INFO: Starting Backup of VM 102 (qemu)
2024-08-14 23:13:31 INFO: status = running
2024-08-14 23:13:31 INFO: backup mode: stop
2024-08-14 23:13:31 INFO: ionice priority: 7
2024-08-14 23:13:31 INFO: VM Name: FedoraServer1
2024-08-14 23:13:31 INFO: include disk 'scsi0' 'local-lvm:vm-102-disk-0' 32G
2024-08-14 23:13:31 INFO: stopping virtual guest
2024-08-14 23:13:34 INFO: creating vzdump archive '/mnt/pve/backups/dump/vzdump-qemu-102-2024_08_14-23_13_31.vma.gz'
2024-08-14 23:13:34 INFO: starting kvm to execute backup task
2024-08-14 23:13:36 INFO: started backup task 'a3abc56d-ae5c-4af5-a876-89f1f5b5ceca'
2024-08-14 23:13:36 INFO: resuming VM again after 5 seconds
2024-08-14 23:13:39 INFO:   0% (184.9 MiB of 32.0 GiB) in 3s, read: 61.6 MiB/s, write: 18.4 MiB/s
2024-08-14 23:13:48 INFO:   1% (344.4 MiB of 32.0 GiB) in 12s, read: 17.7 MiB/s, write: 16.9 MiB/s
2024-08-14 23:13:55 INFO:   2% (899.0 MiB of 32.0 GiB) in 19s, read: 79.2 MiB/s, write: 18.6 MiB/s
2024-08-14 23:13:58 INFO:   3% (1.1 GiB of 32.0 GiB) in 22s, read: 82.2 MiB/s, write: 25.1 MiB/s
2024-08-14 23:14:04 INFO:   4% (1.3 GiB of 32.0 GiB) in 28s, read: 27.8 MiB/s, write: 24.4 MiB/s
2024-08-14 23:14:17 INFO:   5% (1.6 GiB of 32.0 GiB) in 41s, read: 25.1 MiB/s, write: 22.6 MiB/s
2024-08-14 23:14:38 INFO:   6% (1.9 GiB of 32.0 GiB) in 1m 2s, read: 16.4 MiB/s, write: 16.2 MiB/s
2024-08-14 23:14:58 INFO:   7% (2.2 GiB of 32.0 GiB) in 1m 22s, read: 15.6 MiB/s, write: 15.4 MiB/s
2024-08-14 23:15:16 INFO:   8% (2.6 GiB of 32.0 GiB) in 1m 40s, read: 18.3 MiB/s, write: 16.9 MiB/s
2024-08-14 23:15:34 INFO:   9% (2.9 GiB of 32.0 GiB) in 1m 58s, read: 18.1 MiB/s, write: 18.1 MiB/s
2024-08-14 23:15:53 INFO:  10% (3.2 GiB of 32.0 GiB) in 2m 17s, read: 17.2 MiB/s, write: 17.2 MiB/s
2024-08-14 23:16:13 INFO:  11% (3.5 GiB of 32.0 GiB) in 2m 37s, read: 17.4 MiB/s, write: 17.4 MiB/s
2024-08-14 23:16:34 INFO:  12% (3.9 GiB of 32.0 GiB) in 2m 58s, read: 15.2 MiB/s, write: 15.0 MiB/s
2024-08-14 23:16:53 INFO:  13% (4.2 GiB of 32.0 GiB) in 3m 17s, read: 17.2 MiB/s, write: 17.2 MiB/s
2024-08-14 23:17:09 INFO:  14% (4.5 GiB of 32.0 GiB) in 3m 33s, read: 20.2 MiB/s, write: 20.2 MiB/s
2024-08-14 23:17:26 INFO:  15% (4.8 GiB of 32.0 GiB) in 3m 50s, read: 19.8 MiB/s, write: 19.1 MiB/s
2024-08-14 23:17:42 INFO:  16% (5.1 GiB of 32.0 GiB) in 4m 6s, read: 19.9 MiB/s, write: 19.9 MiB/s
2024-08-14 23:17:59 INFO:  17% (5.4 GiB of 32.0 GiB) in 4m 23s, read: 19.2 MiB/s, write: 19.2 MiB/s
2024-08-14 23:18:19 INFO:  18% (5.8 GiB of 32.0 GiB) in 4m 43s, read: 16.5 MiB/s, write: 16.5 MiB/s
2024-08-14 23:18:38 INFO:  19% (6.1 GiB of 32.0 GiB) in 5m 2s, read: 18.5 MiB/s, write: 17.5 MiB/s
2024-08-14 23:18:57 INFO:  20% (6.4 GiB of 32.0 GiB) in 5m 21s, read: 16.2 MiB/s, write: 16.0 MiB/s
2024-08-14 23:19:10 INFO:  21% (6.7 GiB of 32.0 GiB) in 5m 34s, read: 25.4 MiB/s, write: 22.1 MiB/s
2024-08-14 23:19:20 INFO:  22% (7.1 GiB of 32.0 GiB) in 5m 44s, read: 32.6 MiB/s, write: 25.8 MiB/s
2024-08-14 23:19:38 INFO:  23% (7.4 GiB of 32.0 GiB) in 6m 2s, read: 18.3 MiB/s, write: 18.3 MiB/s
2024-08-14 23:19:55 INFO:  24% (7.7 GiB of 32.0 GiB) in 6m 19s, read: 19.4 MiB/s, write: 19.0 MiB/s
2024-08-14 23:20:16 INFO:  25% (8.0 GiB of 32.0 GiB) in 6m 40s, read: 15.4 MiB/s, write: 15.3 MiB/s
2024-08-14 23:20:27 INFO:  27% (8.7 GiB of 32.0 GiB) in 6m 51s, read: 59.5 MiB/s, write: 14.1 MiB/s
2024-08-14 23:20:30 INFO:  28% (9.1 GiB of 32.0 GiB) in 6m 54s, read: 150.3 MiB/s, write: 18.0 MiB/s
2024-08-14 23:20:41 INFO:  29% (9.3 GiB of 32.0 GiB) in 7m 5s, read: 19.1 MiB/s, write: 19.1 MiB/s
2024-08-14 23:20:58 INFO:  30% (9.6 GiB of 32.0 GiB) in 7m 22s, read: 19.4 MiB/s, write: 19.4 MiB/s
2024-08-14 23:21:01 INFO:  31% (10.1 GiB of 32.0 GiB) in 7m 25s, read: 148.6 MiB/s, write: 16.5 MiB/s
2024-08-14 23:21:13 INFO:  32% (10.3 GiB of 32.0 GiB) in 7m 37s, read: 17.5 MiB/s, write: 17.5 MiB/s
2024-08-14 23:21:23 INFO:  34% (11.0 GiB of 32.0 GiB) in 7m 47s, read: 79.0 MiB/s, write: 19.9 MiB/s
2024-08-14 23:21:26 INFO:  61% (19.6 GiB of 32.0 GiB) in 7m 50s, read: 2.9 GiB/s, write: 0 B/s
2024-08-14 23:21:29 INFO:  91% (29.3 GiB of 32.0 GiB) in 7m 53s, read: 3.2 GiB/s, write: 0 B/s
2024-08-14 23:21:30 INFO: 100% (32.0 GiB of 32.0 GiB) in 7m 54s, read: 2.7 GiB/s, write: 8.0 KiB/s
2024-08-14 23:21:30 INFO: backup is sparse: 23.77 GiB (74%) total zero data
2024-08-14 23:21:30 INFO: transferred 32.00 GiB in 474 seconds (69.1 MiB/s)
2024-08-14 23:21:30 INFO: archive file size: 6.25GB
2024-08-14 23:21:30 INFO: adding notes to backup
2024-08-14 23:21:30 INFO: Finished Backup of VM 102 (00:07:59)
